This is pdfTeX, Version 3.141592653-2.6-1.40.23 (TeX Live 2021/Arch Linux) (preloaded format=pdflatex 2022.1.3)  17 MAR 2022 11:52
entering extended mode
 \write18 enabled.
 %&-line parsing enabled.
**/tmp/nvimDfdKKz/1
(/tmp/nvimDfdKKz/1
LaTeX2e <2021-11-15> patch level 1
L3 programming layer <2021-11-22>
(/usr/share/texmf-dist/tex/latex/base/article.cls
Document Class: article 2021/10/04 v1.4n Standard LaTeX document class
(/usr/share/texmf-dist/tex/latex/base/size10.clo
File: size10.clo 2021/10/04 v1.4n Standard LaTeX file (size option)
)
\c@part=\count183
\c@section=\count184
\c@subsection=\count185
\c@subsubsection=\count186
\c@paragraph=\count187
\c@subparagraph=\count188
\c@figure=\count189
\c@table=\count190
\abovecaptionskip=\skip47
\belowcaptionskip=\skip48
\bibindent=\dimen138
)
(/usr/share/texmf-dist/tex/latex/base/inputenc.sty
Package: inputenc 2021/02/14 v1.3d Input encoding file
\inpenc@prehook=\toks16
\inpenc@posthook=\toks17
)
(/usr/share/texmf-dist/tex/latex/amsmath/amsmath.sty
Package: amsmath 2021/10/15 v2.17l AMS math features
\@mathmargin=\skip49

For additional information on amsmath, use the `?' option.
(/usr/share/texmf-dist/tex/latex/amsmath/amstext.sty
Package: amstext 2021/08/26 v2.01 AMS text

(/usr/share/texmf-dist/tex/latex/amsmath/amsgen.sty
File: amsgen.sty 1999/11/30 v2.0 generic functions
\@emptytoks=\toks18
\ex@=\dimen139
))
(/usr/share/texmf-dist/tex/latex/amsmath/amsbsy.sty
Package: amsbsy 1999/11/29 v1.2d Bold Symbols
\pmbraise@=\dimen140
)
(/usr/share/texmf-dist/tex/latex/amsmath/amsopn.sty
Package: amsopn 2021/08/26 v2.02 operator names
)
\inf@bad=\count191
LaTeX Info: Redefining \frac on input line 234.
\uproot@=\count192
\leftroot@=\count193
LaTeX Info: Redefining \overline on input line 399.
\classnum@=\count194
\DOTSCASE@=\count195
LaTeX Info: Redefining \ldots on input line 496.
LaTeX Info: Redefining \dots on input line 499.
LaTeX Info: Redefining \cdots on input line 620.
\Mathstrutbox@=\box50
\strutbox@=\box51
\big@size=\dimen141
LaTeX Font Info:    Redeclaring font encoding OML on input line 743.
LaTeX Font Info:    Redeclaring font encoding OMS on input line 744.
\macc@depth=\count196
\c@MaxMatrixCols=\count197
\dotsspace@=\muskip16
\c@parentequation=\count198
\dspbrk@lvl=\count199
\tag@help=\toks19
\row@=\count266
\column@=\count267
\maxfields@=\count268
\andhelp@=\toks20
\eqnshift@=\dimen142
\alignsep@=\dimen143
\tagshift@=\dimen144
\tagwidth@=\dimen145
\totwidth@=\dimen146
\lineht@=\dimen147
\@envbody=\toks21
\multlinegap=\skip50
\multlinetaggap=\skip51
\mathdisplay@stack=\toks22
LaTeX Info: Redefining \[ on input line 2938.
LaTeX Info: Redefining \] on input line 2939.
)
(/usr/share/texmf-dist/tex/latex/graphics/graphicx.sty
Package: graphicx 2021/09/16 v1.2d Enhanced LaTeX Graphics (DPC,SPQR)

(/usr/share/texmf-dist/tex/latex/graphics/keyval.sty
Package: keyval 2014/10/28 v1.15 key=value parser (DPC)
\KV@toks@=\toks23
)
(/usr/share/texmf-dist/tex/latex/graphics/graphics.sty
Package: graphics 2021/03/04 v1.4d Standard LaTeX Graphics (DPC,SPQR)

(/usr/share/texmf-dist/tex/latex/graphics/trig.sty
Package: trig 2021/08/11 v1.11 sin cos tan (DPC)
)
(/usr/share/texmf-dist/tex/latex/graphics-cfg/graphics.cfg
File: graphics.cfg 2016/06/04 v1.11 sample graphics configuration
)
Package graphics Info: Driver file: pdftex.def on input line 107.

(/usr/share/texmf-dist/tex/latex/graphics-def/pdftex.def
File: pdftex.def 2020/10/05 v1.2a Graphics/color driver for pdftex
))
\Gin@req@height=\dimen148
\Gin@req@width=\dimen149
)
(/usr/share/texmf-dist/tex/latex/amsfonts/amsfonts.sty
Package: amsfonts 2013/01/14 v3.01 Basic AMSFonts support
\symAMSa=\mathgroup4
\symAMSb=\mathgroup5
LaTeX Font Info:    Redeclaring math symbol \hbar on input line 98.
LaTeX Font Info:    Overwriting math alphabet `\mathfrak' in version `bold'
(Font)                  U/euf/m/n --> U/euf/b/n on input line 106.
)
(/usr/share/texmf-dist/tex/latex/algorithms/algorithm.sty
Package: algorithm 2009/08/24 v0.1 Document Style `algorithm' - floating enviro
nment

(/usr/share/texmf-dist/tex/latex/float/float.sty
Package: float 2001/11/08 v1.3d Float enhancements (AL)
\c@float@type=\count269
\float@exts=\toks24
\float@box=\box52
\@float@everytoks=\toks25
\@floatcapt=\box53
)
(/usr/share/texmf-dist/tex/latex/base/ifthen.sty
Package: ifthen 2020/11/24 v1.1c Standard LaTeX ifthen package (DPC)
)
\@float@every@algorithm=\toks26
\c@algorithm=\count270
)
(/usr/share/texmf-dist/tex/latex/algorithms/algorithmic.sty
Package: algorithmic 2009/08/24 v0.1 Document Style `algorithmic'
\c@ALC@unique=\count271
\c@ALC@line=\count272
\c@ALC@rem=\count273
\c@ALC@depth=\count274
\ALC@tlm=\skip52
\algorithmicindent=\skip53
)
(/usr/share/texmf-dist/tex/latex/adjustbox/adjustbox.sty
Package: adjustbox 2020/08/19 v1.3 Adjusting TeX boxes (trim, clip, ...)

(/usr/share/texmf-dist/tex/latex/xkeyval/xkeyval.sty
Package: xkeyval 2020/11/20 v2.8 package option processing (HA)

(/usr/share/texmf-dist/tex/generic/xkeyval/xkeyval.tex
(/usr/share/texmf-dist/tex/generic/xkeyval/xkvutils.tex
\XKV@toks=\toks27
\XKV@tempa@toks=\toks28
)
\XKV@depth=\count275
File: xkeyval.tex 2014/12/03 v2.7a key=value parser (HA)
))
(/usr/share/texmf-dist/tex/latex/adjustbox/adjcalc.sty
Package: adjcalc 2012/05/16 v1.1 Provides advanced setlength with multiple back
-ends (calc, etex, pgfmath)
)
(/usr/share/texmf-dist/tex/latex/adjustbox/trimclip.sty
Package: trimclip 2020/08/19 v1.2 Trim and clip general TeX material

(/usr/share/texmf-dist/tex/latex/collectbox/collectbox.sty
Package: collectbox 2012/05/17 v0.4b Collect macro arguments as boxes
\collectedbox=\box54
)
\tc@llx=\dimen150
\tc@lly=\dimen151
\tc@urx=\dimen152
\tc@ury=\dimen153
Package trimclip Info: Using driver 'tc-pdftex.def'.

(/usr/share/texmf-dist/tex/latex/adjustbox/tc-pdftex.def
File: tc-pdftex.def 2019/01/04 v2.2 Clipping driver for pdftex
))
\adjbox@Width=\dimen154
\adjbox@Height=\dimen155
\adjbox@Depth=\dimen156
\adjbox@Totalheight=\dimen157
\adjbox@pwidth=\dimen158
\adjbox@pheight=\dimen159
\adjbox@pdepth=\dimen160
\adjbox@ptotalheight=\dimen161

(/usr/share/texmf-dist/tex/latex/ifoddpage/ifoddpage.sty
Package: ifoddpage 2016/04/23 v1.1 Conditionals for odd/even page detection
\c@checkoddpage=\count276
)
(/usr/share/texmf-dist/tex/latex/varwidth/varwidth.sty
Package: varwidth 2009/03/30 ver 0.92;  Variable-width minipages
\@vwid@box=\box55
\sift@deathcycles=\count277
\@vwid@loff=\dimen162
\@vwid@roff=\dimen163
))
(/usr/share/texmf-dist/tex/latex/listings/listings.sty
\lst@mode=\count278
\lst@gtempboxa=\box56
\lst@token=\toks29
\lst@length=\count279
\lst@currlwidth=\dimen164
\lst@column=\count280
\lst@pos=\count281
\lst@lostspace=\dimen165
\lst@width=\dimen166
\lst@newlines=\count282
\lst@lineno=\count283
\lst@maxwidth=\dimen167

(/usr/share/texmf-dist/tex/latex/listings/lstmisc.sty
File: lstmisc.sty 2020/03/24 1.8d (Carsten Heinz)
\c@lstnumber=\count284
\lst@skipnumbers=\count285
\lst@framebox=\box57
)
(/usr/share/texmf-dist/tex/latex/listings/listings.cfg
File: listings.cfg 2020/03/24 1.8d listings configuration
))
Package: listings 2020/03/24 1.8d (Carsten Heinz)

(/usr/share/texmf-dist/tex/latex/graphics/color.sty
Package: color 2021/12/07 v1.3c Standard LaTeX Color (DPC)

(/usr/share/texmf-dist/tex/latex/graphics-cfg/color.cfg
File: color.cfg 2016/01/02 v1.6 sample color configuration
)
Package color Info: Driver file: pdftex.def on input line 149.
)
(/usr/share/texmf-dist/tex/latex/algorithmicx/algpseudocode.sty
Package: algpseudocode 

(/usr/share/texmf-dist/tex/latex/algorithmicx/algorithmicx.sty
Package: algorithmicx 2005/04/27 v1.2 Algorithmicx

Document Style algorithmicx 1.2 - a greatly improved `algorithmic' style
\c@ALG@line=\count286
\c@ALG@rem=\count287
\c@ALG@nested=\count288
\ALG@tlm=\skip54
\ALG@thistlm=\skip55
\c@ALG@Lnr=\count289
\c@ALG@blocknr=\count290
\c@ALG@storecount=\count291
\c@ALG@tmpcounter=\count292
\ALG@tmplength=\skip56

! LaTeX Error: Command \algorithmic already defined.
               Or name \end... illegal, see p.192 of the manual.

See the LaTeX manual or LaTeX Companion for explanation.
Type  H <return>  for immediate help.
 ...                                              
                                                  
l.112    }
          %
Your command was ignored.
Type  I <command> <return>  to replace it with another command,
or  <return>  to continue without it.

)
Document Style - pseudocode environments for use with the `algorithmicx' style
) (/usr/share/texmf-dist/tex/latex/biblatex/biblatex.sty
Package: biblatex 2020/12/31 v3.16 programmable bibliographies (PK/MW)

(/usr/share/texmf-dist/tex/generic/pdftexcmds/pdftexcmds.sty
Package: pdftexcmds 2020-06-27 v0.33 Utility functions of pdfTeX for LuaTeX (HO
)

(/usr/share/texmf-dist/tex/generic/infwarerr/infwarerr.sty
Package: infwarerr 2019/12/03 v1.5 Providing info/warning/error messages (HO)
)
(/usr/share/texmf-dist/tex/generic/iftex/iftex.sty
Package: iftex 2020/03/06 v1.0d TeX engine tests
)
(/usr/share/texmf-dist/tex/generic/ltxcmds/ltxcmds.sty
Package: ltxcmds 2020-05-10 v1.25 LaTeX kernel commands for general use (HO)
)
Package pdftexcmds Info: \pdf@primitive is available.
Package pdftexcmds Info: \pdf@ifprimitive is available.
Package pdftexcmds Info: \pdfdraftmode found.
)
(/usr/share/texmf-dist/tex/latex/etoolbox/etoolbox.sty
Package: etoolbox 2020/10/05 v2.5k e-TeX tools for LaTeX (JAW)
\etb@tempcnta=\count293
)
(/usr/share/texmf-dist/tex/latex/kvoptions/kvoptions.sty
Package: kvoptions 2020-10-07 v3.14 Key value format for package options (HO)

(/usr/share/texmf-dist/tex/generic/kvsetkeys/kvsetkeys.sty
Package: kvsetkeys 2019/12/15 v1.18 Key value parser (HO)
))
(/usr/share/texmf-dist/tex/latex/logreq/logreq.sty
Package: logreq 2010/08/04 v1.0 xml request logger
\lrq@indent=\count294

(/usr/share/texmf-dist/tex/latex/logreq/logreq.def
File: logreq.def 2010/08/04 v1.0 logreq spec v1.0
))
(/usr/share/texmf-dist/tex/latex/url/url.sty
\Urlmuskip=\muskip17
Package: url 2013/09/16  ver 3.4  Verb mode for urls, etc.
)
\c@tabx@nest=\count295
\c@listtotal=\count296
\c@listcount=\count297
\c@liststart=\count298
\c@liststop=\count299
\c@citecount=\count300
\c@citetotal=\count301
\c@multicitecount=\count302
\c@multicitetotal=\count303
\c@instcount=\count304
\c@maxnames=\count305
\c@minnames=\count306
\c@maxitems=\count307
\c@minitems=\count308
\c@citecounter=\count309
\c@maxcitecounter=\count310
\c@savedcitecounter=\count311
\c@uniquelist=\count312
\c@uniquename=\count313
\c@refsection=\count314
\c@refsegment=\count315
\c@maxextratitle=\count316
\c@maxextratitleyear=\count317
\c@maxextraname=\count318
\c@maxextradate=\count319
\c@maxextraalpha=\count320
\c@abbrvpenalty=\count321
\c@highnamepenalty=\count322
\c@lownamepenalty=\count323
\c@maxparens=\count324
\c@parenlevel=\count325
\blx@tempcnta=\count326
\blx@tempcntb=\count327
\blx@tempcntc=\count328
\blx@maxsection=\count329
\blx@maxsegment@0=\count330
\blx@notetype=\count331
\blx@parenlevel@text=\count332
\blx@parenlevel@foot=\count333
\blx@sectionciteorder@0=\count334
\blx@entrysetcounter=\count335
\blx@biblioinstance=\count336
\labelnumberwidth=\skip57
\labelalphawidth=\skip58
\biblabelsep=\skip59
\bibitemsep=\skip60
\bibnamesep=\skip61
\bibinitsep=\skip62
\bibparsep=\skip63
\bibhang=\skip64
\blx@bcfin=\read2
\blx@bcfout=\write3
\blx@langwohyphens=\language87
\c@mincomprange=\count337
\c@maxcomprange=\count338
\c@mincompwidth=\count339
Package biblatex Info: Trying to load biblatex default data model...
Package biblatex Info: ... file 'blx-dm.def' found.

(/usr/share/texmf-dist/tex/latex/biblatex/blx-dm.def
File: blx-dm.def 2020/12/31 v3.16 biblatex localization (PK/MW)
)
Package biblatex Info: Trying to load biblatex style data model...
Package biblatex Info: ... file 'verbose.dbx' not found.
Package biblatex Info: Trying to load biblatex custom data model...
Package biblatex Info: ... file 'biblatex-dm.cfg' not found.
\c@afterword=\count340
\c@savedafterword=\count341
\c@annotator=\count342
\c@savedannotator=\count343
\c@author=\count344
\c@savedauthor=\count345
\c@bookauthor=\count346
\c@savedbookauthor=\count347
\c@commentator=\count348
\c@savedcommentator=\count349
\c@editor=\count350
\c@savededitor=\count351
\c@editora=\count352
\c@savededitora=\count353
\c@editorb=\count354
\c@savededitorb=\count355
\c@editorc=\count356
\c@savededitorc=\count357
\c@foreword=\count358
\c@savedforeword=\count359
\c@holder=\count360
\c@savedholder=\count361
\c@introduction=\count362
\c@savedintroduction=\count363
\c@namea=\count364
\c@savednamea=\count365
\c@nameb=\count366
\c@savednameb=\count367
\c@namec=\count368
\c@savednamec=\count369
\c@translator=\count370
\c@savedtranslator=\count371
\c@shortauthor=\count372
\c@savedshortauthor=\count373
\c@shorteditor=\count374
\c@savedshorteditor=\count375
\c@labelname=\count376
\c@savedlabelname=\count377
\c@institution=\count378
\c@savedinstitution=\count379
\c@lista=\count380
\c@savedlista=\count381
\c@listb=\count382
\c@savedlistb=\count383
\c@listc=\count384
\c@savedlistc=\count385
\c@listd=\count386
\c@savedlistd=\count387
\c@liste=\count388
\c@savedliste=\count389
\c@listf=\count390
\c@savedlistf=\count391
\c@location=\count392
\c@savedlocation=\count393
\c@organization=\count394
\c@savedorganization=\count395
\c@origlocation=\count396
\c@savedoriglocation=\count397
\c@origpublisher=\count398
\c@savedorigpublisher=\count399
\c@publisher=\count400
\c@savedpublisher=\count401
\c@language=\count402
\c@savedlanguage=\count403
\c@origlanguage=\count404
\c@savedoriglanguage=\count405
\c@pageref=\count406
\c@savedpageref=\count407
\shorthandwidth=\skip65
\shortjournalwidth=\skip66
\shortserieswidth=\skip67
\shorttitlewidth=\skip68
\shortauthorwidth=\skip69
\shorteditorwidth=\skip70
\locallabelnumberwidth=\skip71
\locallabelalphawidth=\skip72
\localshorthandwidth=\skip73
\localshortjournalwidth=\skip74
\localshortserieswidth=\skip75
\localshorttitlewidth=\skip76
\localshortauthorwidth=\skip77
\localshorteditorwidth=\skip78
Package biblatex Info: Trying to load compatibility code...
Package biblatex Info: ... file 'blx-compat.def' found.

(/usr/share/texmf-dist/tex/latex/biblatex/blx-compat.def
File: blx-compat.def 2020/12/31 v3.16 biblatex compatibility (PK/MW)
)
Package biblatex Info: Trying to load generic definitions...
Package biblatex Info: ... file 'biblatex.def' found.

(/usr/share/texmf-dist/tex/latex/biblatex/biblatex.def
File: biblatex.def 2020/12/31 v3.16 biblatex compatibility (PK/MW)
\c@textcitecount=\count408
\c@textcitetotal=\count409
\c@textcitemaxnames=\count410
\c@biburlbigbreakpenalty=\count411
\c@biburlbreakpenalty=\count412
\c@biburlnumpenalty=\count413
\c@biburlucpenalty=\count414
\c@biburllcpenalty=\count415
\biburlbigskip=\muskip18
\biburlnumskip=\muskip19
\biburlucskip=\muskip20
\biburllcskip=\muskip21
\c@smartand=\count416
)
Package biblatex Info: Trying to load bibliography style 'verbose'...
Package biblatex Info: ... file 'verbose.bbx' found.

(/usr/share/texmf-dist/tex/latex/biblatex/bbx/verbose.bbx
File: verbose.bbx 2020/12/31 v3.16 biblatex bibliography style (PK/MW)
Package biblatex Info: Trying to load bibliography style 'authortitle'...
Package biblatex Info: ... file 'authortitle.bbx' found.

(/usr/share/texmf-dist/tex/latex/biblatex/bbx/authortitle.bbx
File: authortitle.bbx 2020/12/31 v3.16 biblatex bibliography style (PK/MW)
Package biblatex Info: Trying to load bibliography style 'standard'...
Package biblatex Info: ... file 'standard.bbx' found.

(/usr/share/texmf-dist/tex/latex/biblatex/bbx/standard.bbx
File: standard.bbx 2020/12/31 v3.16 biblatex bibliography style (PK/MW)
\c@bbx:relatedcount=\count417
\c@bbx:relatedtotal=\count418
)))
Package biblatex Info: Trying to load citation style 'verbose'...
Package biblatex Info: ... file 'verbose.cbx' found.

(/usr/share/texmf-dist/tex/latex/biblatex/cbx/verbose.cbx
File: verbose.cbx 2020/12/31 v3.16 biblatex citation style (PK/MW)
Package biblatex Info: Redefining '\cite'.
Package biblatex Info: Redefining '\parencite'.
Package biblatex Info: Redefining '\footcite'.
Package biblatex Info: Redefining '\footcitetext'.
Package biblatex Info: Redefining '\smartcite'.
Package biblatex Info: Redefining '\textcite'.
Package biblatex Info: Redefining '\textcites'.
)
Package biblatex Info: Trying to load configuration file...
Package biblatex Info: ... file 'biblatex.cfg' found.

(/usr/share/texmf-dist/tex/latex/biblatex/biblatex.cfg
File: biblatex.cfg 
))
(/usr/share/texmf-dist/tex/latex/listings/lstlang1.sty
File: lstlang1.sty 2020/03/24 1.8d listings language file
)
\@quotelevel=\count419
\@quotereset=\count420

(/usr/share/texmf-dist/tex/latex/l3backend/l3backend-pdftex.def
File: l3backend-pdftex.def 2021-12-14 L3 backend support: PDF output (pdfTeX)
\l__color_backend_stack_int=\count421
\l__pdf_internal_box=\box58
) (./nea.aux)
\openout1 = `nea.aux'.

LaTeX Font Info:    Checking defaults for OML/cmm/m/it on input line 40.
LaTeX Font Info:    ... okay on input line 40.
LaTeX Font Info:    Checking defaults for OMS/cmsy/m/n on input line 40.
LaTeX Font Info:    ... okay on input line 40.
LaTeX Font Info:    Checking defaults for OT1/cmr/m/n on input line 40.
LaTeX Font Info:    ... okay on input line 40.
LaTeX Font Info:    Checking defaults for T1/cmr/m/n on input line 40.
LaTeX Font Info:    ... okay on input line 40.
LaTeX Font Info:    Checking defaults for TS1/cmr/m/n on input line 40.
LaTeX Font Info:    ... okay on input line 40.
LaTeX Font Info:    Checking defaults for OMX/cmex/m/n on input line 40.
LaTeX Font Info:    ... okay on input line 40.
LaTeX Font Info:    Checking defaults for U/cmr/m/n on input line 40.
LaTeX Font Info:    ... okay on input line 40.

(/usr/share/texmf-dist/tex/context/base/mkii/supp-pdf.mkii
[Loading MPS to PDF converter (version 2006.09.02).]
\scratchcounter=\count422
\scratchdimen=\dimen168
\scratchbox=\box59
\nofMPsegments=\count423
\nofMParguments=\count424
\everyMPshowfont=\toks30
\MPscratchCnt=\count425
\MPscratchDim=\dimen169
\MPnumerator=\count426
\makeMPintoPDFobject=\count427
\everyMPtoPDFconversion=\toks31
) (/usr/share/texmf-dist/tex/latex/epstopdf-pkg/epstopdf-base.sty
Package: epstopdf-base 2020-01-24 v2.11 Base part for package epstopdf

(/usr/share/texmf-dist/tex/latex/grfext/grfext.sty
Package: grfext 2019/12/03 v1.3 Manage graphics extensions (HO)

(/usr/share/texmf-dist/tex/generic/kvdefinekeys/kvdefinekeys.sty
Package: kvdefinekeys 2019-12-19 v1.6 Define keys (HO)
))
Package epstopdf-base Info: Redefining graphics rule for `.eps' on input line 4
85.
Package grfext Info: Graphics extension search list:
(grfext)             [.pdf,.png,.jpg,.mps,.jpeg,.jbig2,.jb2,.PDF,.PNG,.JPG,.JPE
G,.JBIG2,.JB2,.eps]
(grfext)             \AppendGraphicsExtensions on input line 504.

(/usr/share/texmf-dist/tex/latex/latexconfig/epstopdf-sys.cfg
File: epstopdf-sys.cfg 2010/07/13 v1.3 Configuration of (r)epstopdf for TeX Liv
e
))
\c@lstlisting=\count428
Package biblatex Info: Trying to load language 'english'...
Package biblatex Info: ... file 'english.lbx' found.

(/usr/share/texmf-dist/tex/latex/biblatex/lbx/english.lbx
File: english.lbx 2020/12/31 v3.16 biblatex localization (PK/MW)
)
Package biblatex Info: Input encoding 'utf8' detected.
Package biblatex Info: Automatic encoding selection.
(biblatex)             Assuming data encoding 'utf8'.
Package biblatex Info: Document encoding is UTF8 ....

(/usr/share/texmf-dist/tex/latex/l3kernel/expl3.sty
Package: expl3 2021-11-22 L3 programming layer (loader) 
)
Package biblatex Info: ... and expl3
(biblatex)             2021-11-22 L3 programming layer (loader) 
(biblatex)             is new enough (at least 2020/04/06),
(biblatex)             setting 'casechanger=expl3'.

(/usr/share/texmf-dist/tex/latex/biblatex/blx-case-expl3.sty
(/usr/share/texmf-dist/tex/latex/l3packages/xparse/xparse.sty
Package: xparse 2021-11-12 L3 Experimental document command parser
)
Package: blx-case-expl3 2020/12/31 v3.16 expl3 case changing code for biblatex
)
\openout3 = `nea.bcf'.

Package biblatex Info: Trying to load bibliographic data...
Package biblatex Info: ... file 'nea.bbl' not found.

No file nea.bbl.
Package biblatex Info: Reference section=0 on input line 40.
Package biblatex Info: Reference segment=0 on input line 40.
LaTeX Font Info:    Trying to load font information for U+msa on input line 42.

(/usr/share/texmf-dist/tex/latex/amsfonts/umsa.fd
File: umsa.fd 2013/01/14 v3.01 AMS symbols A
)
LaTeX Font Info:    Trying to load font information for U+msb on input line 42.


(/usr/share/texmf-dist/tex/latex/amsfonts/umsb.fd
File: umsb.fd 2013/01/14 v3.01 AMS symbols B
) [1

{/var/lib/texmf/fonts/map/pdftex/updmap/pdftex.map}] (./nea.toc [2

])
\tf@toc=\write4
\openout4 = `nea.toc'.

 [3] [4

]
</home/soham/Desktop/NEAlatex/images//arima1.png, id=20, 1474.50874pt x 1606.0p
t>
File: /home/soham/Desktop/NEAlatex/images//arima1.png Graphic file (type png)
<use /home/soham/Desktop/NEAlatex/images//arima1.png>
Package pdftex.def Info: /home/soham/Desktop/NEAlatex/images//arima1.png  used 
on input line 82.
(pdftex.def)             Requested size: 147.4595pt x 160.6094pt.

Overfull \hbox (1.71353pt too wide) in paragraph at lines 79--86
[]\OT1/cmr/m/n/10 These mod-els are very good at han-dling dif-fer-ent time se-
ries pat-terns. Chang-
 []

[5 </home/soham/Desktop/NEAlatex/images//arima1.png (PNG copy)>]
</home/soham/Desktop/NEAlatex/images//arima2.png, id=29, 1154.3125pt x 711.6587
5pt>
File: /home/soham/Desktop/NEAlatex/images//arima2.png Graphic file (type png)
<use /home/soham/Desktop/NEAlatex/images//arima2.png>
Package pdftex.def Info: /home/soham/Desktop/NEAlatex/images//arima2.png  used 
on input line 89.
(pdftex.def)             Requested size: 242.41278pt x 149.45274pt.
</home/soham/Desktop/NEAlatex/images//arima3.png, id=31, 642.4pt x 124.465pt>
File: /home/soham/Desktop/NEAlatex/images//arima3.png Graphic file (type png)
<use /home/soham/Desktop/NEAlatex/images//arima3.png>
Package pdftex.def Info: /home/soham/Desktop/NEAlatex/images//arima3.png  used 
on input line 95.
(pdftex.def)             Requested size: 224.84337pt x 43.5634pt.
 [6

 </home/soham/Desktop/NEAlatex/images//arima2.png> </home/soham/Desktop/NEAlate
x/images//arima3.png>]
</home/soham/Desktop/NEAlatex/images//binarystep.png, id=37, 1606.0pt x 511.912
5pt>
File: /home/soham/Desktop/NEAlatex/images//binarystep.png Graphic file (type pn
g)
<use /home/soham/Desktop/NEAlatex/images//binarystep.png>
Package pdftex.def Info: /home/soham/Desktop/NEAlatex/images//binarystep.png  u
sed on input line 127.
(pdftex.def)             Requested size: 240.8896pt x 76.78355pt.
 [7 </home/soham/Desktop/NEAlatex/images//binarystep.png (PNG copy)>]
</home/soham/Desktop/NEAlatex/images//tanh.png, id=43, 988.69376pt x 633.36626p
t>
File: /home/soham/Desktop/NEAlatex/images//tanh.png Graphic file (type png)
<use /home/soham/Desktop/NEAlatex/images//tanh.png>
Package pdftex.def Info: /home/soham/Desktop/NEAlatex/images//tanh.png  used on
 input line 166.
(pdftex.def)             Requested size: 148.29767pt x 95.00084pt.
</home/soham/Desktop/NEAlatex/images//relu.png, id=44, 747.79375pt x 630.355pt>

File: /home/soham/Desktop/NEAlatex/images//relu.png Graphic file (type png)
<use /home/soham/Desktop/NEAlatex/images//relu.png>
Package pdftex.def Info: /home/soham/Desktop/NEAlatex/images//relu.png  used on
 input line 178.
(pdftex.def)             Requested size: 112.16422pt x 94.54916pt.
[8 </home/soham/Desktop/NEAlatex/images//tanh.png> </home/soham/Desktop/NEAlate
x/images//relu.png>]
Underfull \hbox (badness 10000) in paragraph at lines 185--187

 []


Underfull \hbox (badness 10000) in paragraph at lines 188--199

 []

</home/soham/Desktop/NEAlatex/images//softmax.png, id=50, 466.74374pt x 269.005
pt>
File: /home/soham/Desktop/NEAlatex/images//softmax.png Graphic file (type png)
<use /home/soham/Desktop/NEAlatex/images//softmax.png>
Package pdftex.def Info: /home/soham/Desktop/NEAlatex/images//softmax.png  used
 on input line 206.
(pdftex.def)             Requested size: 116.68564pt x 67.25108pt.
[9 </home/soham/Desktop/NEAlatex/images//softmax.png>]
Underfull \hbox (badness 10000) in paragraph at lines 217--218

 []

</home/soham/Desktop/NEAlatex/images//elu1.png, id=57, 1223.57124pt x 907.39pt>

File: /home/soham/Desktop/NEAlatex/images//elu1.png Graphic file (type png)
<use /home/soham/Desktop/NEAlatex/images//elu1.png>
Package pdftex.def Info: /home/soham/Desktop/NEAlatex/images//elu1.png  used on
 input line 227.
(pdftex.def)             Requested size: 183.52777pt x 136.10262pt.

Underfull \hbox (badness 10000) in paragraph at lines 223--231

 []

</home/soham/Desktop/NEAlatex/images//eluderiv.png, id=58, 858.20625pt x 689.57
625pt>
File: /home/soham/Desktop/NEAlatex/images//eluderiv.png Graphic file (type png)

<use /home/soham/Desktop/NEAlatex/images//eluderiv.png>
Package pdftex.def Info: /home/soham/Desktop/NEAlatex/images//eluderiv.png  use
d on input line 237.
(pdftex.def)             Requested size: 128.72537pt x 103.43196pt.

LaTeX Warning: `!h' float specifier changed to `!ht'.


! LaTeX Error: \begin{document} ended by \end{itemize}.

See the LaTeX manual or LaTeX Companion for explanation.
Type  H <return>  for immediate help.
 ...                                              
                                                  
l.241 \end{itemize}
                   
Your command was ignored.
Type  I <command> <return>  to replace it with another command,
or  <return>  to continue without it.

! Extra \endgroup.
<recently read> \endgroup 
                          
l.241 \end{itemize}
                   
Things are pretty mixed up, but I think the worst is over.

</home/soham/Desktop/NEAlatex/images//layers1.png, id=59, 964.60374pt x 886.311
25pt>
File: /home/soham/Desktop/NEAlatex/images//layers1.png Graphic file (type png)
<use /home/soham/Desktop/NEAlatex/images//layers1.png>
Package pdftex.def Info: /home/soham/Desktop/NEAlatex/images//layers1.png  used
 on input line 248.
(pdftex.def)             Requested size: 144.68431pt x 132.94095pt.
</home/soham/Desktop/NEAlatex/images//layers2.png, id=60, 1606.0pt x 734.745pt>

File: /home/soham/Desktop/NEAlatex/images//layers2.png Graphic file (type png)
<use /home/soham/Desktop/NEAlatex/images//layers2.png>
Package pdftex.def Info: /home/soham/Desktop/NEAlatex/images//layers2.png  used
 on input line 253.
(pdftex.def)             Requested size: 240.8896pt x 110.20699pt.
[10 </home/soham/Desktop/NEAlatex/images//elu1.png>]

LaTeX Warning: `!h' float specifier changed to `!ht'.

[11 </home/soham/Desktop/NEAlatex/images//eluderiv.png> </home/soham/Desktop/NE
Alatex/images//layers1.png>]
Underfull \hbox (badness 10000) in paragraph at lines 261--263

 []

[12 </home/soham/Desktop/NEAlatex/images//layers2.png (PNG copy)>]
</home/soham/Desktop/NEAlatex/images//ff1.png, id=73, 1341.01pt x 1587.9325pt>
File: /home/soham/Desktop/NEAlatex/images//ff1.png Graphic file (type png)
<use /home/soham/Desktop/NEAlatex/images//ff1.png>
Package pdftex.def Info: /home/soham/Desktop/NEAlatex/images//ff1.png  used on 
input line 275.
(pdftex.def)             Requested size: 201.14282pt x 238.1796pt.

Underfull \hbox (badness 10000) in paragraph at lines 278--285

 []


Underfull \hbox (badness 10000) in paragraph at lines 278--285

 []

! Illegal unit of measure (pt inserted).
<to be read again> 
                   \relax 
l.286 $$new\hspace{3}
                     w_n = (old\hspace{3} w_n) - \alpha \cdot \frac{\partial...
Dimensions can be in units of em, ex, in, pt, pc,
cm, mm, dd, cc, nd, nc, bp, or sp; but yours is a new one!
I'll assume that you meant to say pt, for printer's points.
To recover gracefully from this error, it's best to
delete the erroneous units; e.g., type `2' to delete
two letters. (See Chapter 27 of The TeXbook.)

! Illegal unit of measure (pt inserted).
<to be read again> 
                   \relax 
l.286 $$new\hspace{3}w_n = (old\hspace{3}
                                          w_n) - \alpha \cdot \frac{\partial...
Dimensions can be in units of em, ex, in, pt, pc,
cm, mm, dd, cc, nd, nc, bp, or sp; but yours is a new one!
I'll assume that you meant to say pt, for printer's points.
To recover gracefully from this error, it's best to
delete the erroneous units; e.g., type `2' to delete
two letters. (See Chapter 27 of The TeXbook.)

[13 </home/soham/Desktop/NEAlatex/images//ff1.png>]
Underfull \hbox (badness 10000) in paragraph at lines 293--295

 []


Underfull \hbox (badness 10000) in paragraph at lines 295--296

 []

[14]
</home/soham/Desktop/NEAlatex/images//rnn1.png, id=84, 1054.94125pt x 395.4775p
t>
File: /home/soham/Desktop/NEAlatex/images//rnn1.png Graphic file (type png)
<use /home/soham/Desktop/NEAlatex/images//rnn1.png>
Package pdftex.def Info: /home/soham/Desktop/NEAlatex/images//rnn1.png  used on
 input line 327.
(pdftex.def)             Requested size: 158.23436pt x 59.31906pt.
</home/soham/Desktop/NEAlatex/images//rnn2.png, id=85, 1109.14375pt x 587.19376
pt>
File: /home/soham/Desktop/NEAlatex/images//rnn2.png Graphic file (type png)
<use /home/soham/Desktop/NEAlatex/images//rnn2.png>
Package pdftex.def Info: /home/soham/Desktop/NEAlatex/images//rnn2.png  used on
 input line 332.
(pdftex.def)             Requested size: 166.36438pt x 88.07526pt.
</home/soham/Desktop/NEAlatex/images//rnn3.png, id=86, 341.275pt x 638.385pt>
File: /home/soham/Desktop/NEAlatex/images//rnn3.png Graphic file (type png)
<use /home/soham/Desktop/NEAlatex/images//rnn3.png>
Package pdftex.def Info: /home/soham/Desktop/NEAlatex/images//rnn3.png  used on
 input line 337.
(pdftex.def)             Requested size: 51.18903pt x 95.75362pt.


LaTeX Warning: `h' float specifier changed to `ht'.

[15 </home/soham/Desktop/NEAlatex/images//rnn1.png> </home/soham/Desktop/NEAlat
ex/images//rnn2.png>]
</home/soham/Desktop/NEAlatex/images//lstm1.png, id=92, 993.7125pt x 945.5325pt
>
File: /home/soham/Desktop/NEAlatex/images//lstm1.png Graphic file (type png)
<use /home/soham/Desktop/NEAlatex/images//lstm1.png>
Package pdftex.def Info: /home/soham/Desktop/NEAlatex/images//lstm1.png  used o
n input line 374.
(pdftex.def)             Requested size: 149.05043pt x 141.82375pt.
 [16 </home/soham/Desktop/NEAlatex/images//rnn3.png>]
</home/soham/Desktop/NEAlatex/images//transformer1.png, id=97, 455.7025pt x 698
.61pt>
File: /home/soham/Desktop/NEAlatex/images//transformer1.png Graphic file (type 
png)
<use /home/soham/Desktop/NEAlatex/images//transformer1.png>
Package pdftex.def Info: /home/soham/Desktop/NEAlatex/images//transformer1.png 
 used on input line 411.
(pdftex.def)             Requested size: 68.35242pt x 104.78697pt.

[17 </home/soham/Desktop/NEAlatex/images//lstm1.png>]
! Missing $ inserted.
<inserted text> 
                $
l.432 vector, a query \boldsymbol{q}
                                    , a key \boldsymbol{k} and a value \bold...
I've inserted a begin-math/end-math symbol since I think
you left one out. Proceed, with fingers crossed.

! Extra }, or forgotten $.
\math@atom #1#2->\binrel@ {#1}\binrel@@ {#2}
                                            
l.432 vector, a query \boldsymbol{q}
                                    , a key \boldsymbol{k} and a value \bold...
I've deleted a group-closing symbol because it seems to be
spurious, as in `$x}$'. But perhaps the } is legitimate and
you forgot something else, as in `\hbox{$x}'. In such cases
the way to recover is to insert both the forgotten and the
deleted material, e.g., by typing `I$}'.

! Missing $ inserted.
<inserted text> 
                $
l.432 vector, a query \boldsymbol{q}
                                    , a key \boldsymbol{k} and a value \bold...
I've inserted something that you may have forgotten.
(See the <inserted text> above.)
With luck, this will get me unwedged. But if you
really didn't forget anything, try typing `2' now; then
my insertion and my current dilemma will both disappear.

! Missing } inserted.
<inserted text> 
                }
l.432 vector, a query \boldsymbol{q}
                                    , a key \boldsymbol{k} and a value \bold...
I've inserted something that you may have forgotten.
(See the <inserted text> above.)
With luck, this will get me unwedged. But if you
really didn't forget anything, try typing `2' now; then
my insertion and my current dilemma will both disappear.

! Missing $ inserted.
<inserted text> 
                $
l.432 ...uery \boldsymbol{q}, a key \boldsymbol{k}
                                                   and a value \boldsymbol{v...
I've inserted a begin-math/end-math symbol since I think
you left one out. Proceed, with fingers crossed.

! Extra }, or forgotten $.
\math@atom #1#2->\binrel@ {#1}\binrel@@ {#2}
                                            
l.432 ...uery \boldsymbol{q}, a key \boldsymbol{k}
                                                   and a value \boldsymbol{v...
I've deleted a group-closing symbol because it seems to be
spurious, as in `$x}$'. But perhaps the } is legitimate and
you forgot something else, as in `\hbox{$x}'. In such cases
the way to recover is to insert both the forgotten and the
deleted material, e.g., by typing `I$}'.

! Missing $ inserted.
<inserted text> 
                $
l.432 ...uery \boldsymbol{q}, a key \boldsymbol{k}
                                                   and a value \boldsymbol{v...
I've inserted something that you may have forgotten.
(See the <inserted text> above.)
With luck, this will get me unwedged. But if you
really didn't forget anything, try typing `2' now; then
my insertion and my current dilemma will both disappear.

! Missing } inserted.
<inserted text> 
                }
l.432 ...uery \boldsymbol{q}, a key \boldsymbol{k}
                                                   and a value \boldsymbol{v...
I've inserted something that you may have forgotten.
(See the <inserted text> above.)
With luck, this will get me unwedged. But if you
really didn't forget anything, try typing `2' now; then
my insertion and my current dilemma will both disappear.

! Missing $ inserted.
<inserted text> 
                $
l.432 ...\boldsymbol{k} and a value \boldsymbol{v}
                                                  .\\
I've inserted a begin-math/end-math symbol since I think
you left one out. Proceed, with fingers crossed.

! Extra }, or forgotten $.
\math@atom #1#2->\binrel@ {#1}\binrel@@ {#2}
                                            
l.432 ...\boldsymbol{k} and a value \boldsymbol{v}
                                                  .\\
I've deleted a group-closing symbol because it seems to be
spurious, as in `$x}$'. But perhaps the } is legitimate and
you forgot something else, as in `\hbox{$x}'. In such cases
the way to recover is to insert both the forgotten and the
deleted material, e.g., by typing `I$}'.

! Missing $ inserted.
<inserted text> 
                $
l.432 ...\boldsymbol{k} and a value \boldsymbol{v}
                                                  .\\
I've inserted something that you may have forgotten.
(See the <inserted text> above.)
With luck, this will get me unwedged. But if you
really didn't forget anything, try typing `2' now; then
my insertion and my current dilemma will both disappear.

! Missing } inserted.
<inserted text> 
                }
l.432 ...\boldsymbol{k} and a value \boldsymbol{v}
                                                  .\\
I've inserted something that you may have forgotten.
(See the <inserted text> above.)
With luck, this will get me unwedged. But if you
really didn't forget anything, try typing `2' now; then
my insertion and my current dilemma will both disappear.

[18 </home/soham/Desktop/NEAlatex/images//transformer1.png>] [19]
</home/soham/Desktop/NEAlatex/images//tft.png, id=111, 1606.0pt x 872.25874pt>
File: /home/soham/Desktop/NEAlatex/images//tft.png Graphic file (type png)
<use /home/soham/Desktop/NEAlatex/images//tft.png>
Package pdftex.def Info: /home/soham/Desktop/NEAlatex/images//tft.png  used on 
input line 456.
(pdftex.def)             Requested size: 321.19432pt x 174.44865pt.
 [20

 </home/soham/Desktop/NEAlatex/images//tft.png (PNG copy)>]
</home/soham/Desktop/NEAlatex/images//grn.png, id=115, 212.19702pt x 176.83086p
t>
File: /home/soham/Desktop/NEAlatex/images//grn.png Graphic file (type png)
<use /home/soham/Desktop/NEAlatex/images//grn.png>
Package pdftex.def Info: /home/soham/Desktop/NEAlatex/images//grn.png  used on 
input line 488.
(pdftex.def)             Requested size: 95.48776pt x 79.57314pt.
 [21 </home/soham/Desktop/NEAlatex/images//grn.png (PNG copy)>]
</home/soham/Desktop/NEAlatex/images//vsn.png, id=120, 226.54851pt x 274.72852p
t>
File: /home/soham/Desktop/NEAlatex/images//vsn.png Graphic file (type png)
<use /home/soham/Desktop/NEAlatex/images//vsn.png>
Package pdftex.def Info: /home/soham/Desktop/NEAlatex/images//vsn.png  used on 
input line 501.
(pdftex.def)             Requested size: 101.94588pt x 123.62668pt.

! Extra }, or forgotten \endgroup.
\@endfloatbox ...pagefalse \outer@nobreak \egroup 
                                                  \color@endbox 
l.503 \end{figure}
                  
I've deleted a group-closing symbol because it seems to be
spurious, as in `$x}$'. But perhaps the } is legitimate and
you forgot something else, as in `\hbox{$x}'. In such cases
the way to recover is to insert both the forgotten and the
deleted material, e.g., by typing `I$}'.

[22 </home/soham/Desktop/NEAlatex/images//vsn.png (PNG copy)>]
! Undefined control sequence.
l.522 $$\ps
           (t,n)= LayerNorm(\phi(t,n)+GLU(\psi(t,n)))$$
The control sequence at the end of the top line
of your error message was never \def'ed. If you have
misspelled it (e.g., `\hobx'), type `I' and the correct
spelling (e.g., `I\hbox'). Otherwise just continue,
and I'll forget about whatever was undefined.

</home/soham/Desktop/NEAlatex/images//software1.png, id=124, 1501.61pt x 1457.4
45pt>
File: /home/soham/Desktop/NEAlatex/images//software1.png Graphic file (type png
)
<use /home/soham/Desktop/NEAlatex/images//software1.png>
Package pdftex.def Info: /home/soham/Desktop/NEAlatex/images//software1.png  us
ed on input line 536.
(pdftex.def)             Requested size: 225.23178pt x 218.60732pt.
</home/soham/Desktop/NEAlatex/images//software2.png, id=125, 437.635pt x 214.80
25pt>
File: /home/soham/Desktop/NEAlatex/images//software2.png Graphic file (type png
)
<use /home/soham/Desktop/NEAlatex/images//software2.png>
Package pdftex.def Info: /home/soham/Desktop/NEAlatex/images//software2.png  us
ed on input line 541.
(pdftex.def)             Requested size: 65.64241pt x 32.21898pt.
[23] [24 </home/soham/Desktop/NEAlatex/images//software1.png> </home/soham/Desk
top/NEAlatex/images//software2.png>]
Underfull \hbox (badness 10000) in paragraph at lines 551--553

 []


! LaTeX Error: There's no line here to end.

See the LaTeX manual or LaTeX Companion for explanation.
Type  H <return>  for immediate help.
 ...                                              
                                                  
l.555 D
       ata processing
Your command was ignored.
Type  I <command> <return>  to replace it with another command,
or  <return>  to continue without it.

[25] [26] [27]
</home/soham/Desktop/NEAlatex/images//hd1.png, id=144, 449.68pt x 180.675pt>
File: /home/soham/Desktop/NEAlatex/images//hd1.png Graphic file (type png)
<use /home/soham/Desktop/NEAlatex/images//hd1.png>
Package pdftex.def Info: /home/soham/Desktop/NEAlatex/images//hd1.png  used on 
input line 624.
(pdftex.def)             Requested size: 269.81007pt x 108.40582pt.
</home/soham/Desktop/NEAlatex/images//hd2.png, id=145, 524.96124pt x 278.03876p
t>
File: /home/soham/Desktop/NEAlatex/images//hd2.png Graphic file (type png)
<use /home/soham/Desktop/NEAlatex/images//hd2.png>
Package pdftex.def Info: /home/soham/Desktop/NEAlatex/images//hd2.png  used on 
input line 630.
(pdftex.def)             Requested size: 314.97917pt x 166.82454pt.
</home/soham/Desktop/NEAlatex/images//hd3.png, id=146, 1186.4325pt x 320.19624p
t>
File: /home/soham/Desktop/NEAlatex/images//hd3.png Graphic file (type png)
<use /home/soham/Desktop/NEAlatex/images//hd3.png>
Package pdftex.def Info: /home/soham/Desktop/NEAlatex/images//hd3.png  used on 
input line 636.
(pdftex.def)             Requested size: 415.2576pt x 112.07036pt.

Overfull \hbox (70.2576pt too wide) in paragraph at lines 636--637
 [][] 
 []

</home/soham/Desktop/NEAlatex/images//hd4.png, id=147, 475.7775pt x 245.91875pt
>
File: /home/soham/Desktop/NEAlatex/images//hd4.png Graphic file (type png)
<use /home/soham/Desktop/NEAlatex/images//hd4.png>
Package pdftex.def Info: /home/soham/Desktop/NEAlatex/images//hd4.png  used on 
input line 642.
(pdftex.def)             Requested size: 190.30762pt x 98.36575pt.
</home/soham/Desktop/NEAlatex/images//hd5.png, id=148, 488.82625pt x 217.81375p
t>
File: /home/soham/Desktop/NEAlatex/images//hd5.png Graphic file (type png)
<use /home/soham/Desktop/NEAlatex/images//hd5.png>
Package pdftex.def Info: /home/soham/Desktop/NEAlatex/images//hd5.png  used on 
input line 648.
(pdftex.def)             Requested size: 195.52702pt x 87.12395pt.
[28

 </home/soham/Desktop/NEAlatex/images//hd1.png> </home/soham/Desktop/NEAlatex/i
mages//hd2.png>] [29 </home/soham/Desktop/NEAlatex/images//hd3.png> </home/soha
m/Desktop/NEAlatex/images//hd4.png>] [30 </home/soham/Desktop/NEAlatex/images//
hd5.png>]
</home/soham/Desktop/NEAlatex/images//hd6.png, id=163, 259.46938pt x 872.25874p
t>
File: /home/soham/Desktop/NEAlatex/images//hd6.png Graphic file (type png)
<use /home/soham/Desktop/NEAlatex/images//hd6.png>
Package pdftex.def Info: /home/soham/Desktop/NEAlatex/images//hd6.png  used on 
input line 663.
(pdftex.def)             Requested size: 129.73436pt x 436.1283pt.
</home/soham/Desktop/NEAlatex/images//hd7.png, id=164, 2006.49625pt x 450.68375
pt>
File: /home/soham/Desktop/NEAlatex/images//hd7.png Graphic file (type png)
<use /home/soham/Desktop/NEAlatex/images//hd7.png>
Package pdftex.def Info: /home/soham/Desktop/NEAlatex/images//hd7.png  used on 
input line 669.
(pdftex.def)             Requested size: 300.96146pt x 67.59964pt.
</home/soham/Desktop/NEAlatex/images//hd8.png, id=165, 199.24437pt x 248.42813p
t>
File: /home/soham/Desktop/NEAlatex/images//hd8.png Graphic file (type png)
<use /home/soham/Desktop/NEAlatex/images//hd8.png>
Package pdftex.def Info: /home/soham/Desktop/NEAlatex/images//hd8.png  used on 
input line 678.
(pdftex.def)             Requested size: 119.54753pt x 149.05801pt.
</home/soham/Desktop/NEAlatex/images//hd9.png, id=166, 678.03313pt x 474.27188p
t>
File: /home/soham/Desktop/NEAlatex/images//hd9.png Graphic file (type png)
<use /home/soham/Desktop/NEAlatex/images//hd9.png>
Package pdftex.def Info: /home/soham/Desktop/NEAlatex/images//hd9.png  used on 
input line 683.
(pdftex.def)             Requested size: 213.58156pt x 149.39642pt.
</home/soham/Desktop/NEAlatex/images//hd10.png, id=167, 468.75125pt x 352.31625
pt>
File: /home/soham/Desktop/NEAlatex/images//hd10.png Graphic file (type png)
<use /home/soham/Desktop/NEAlatex/images//hd10.png>
Package pdftex.def Info: /home/soham/Desktop/NEAlatex/images//hd10.png  used on
 input line 688.
(pdftex.def)             Requested size: 164.06538pt x 123.31253pt.
</home/soham/Desktop/NEAlatex/images//hd11.png, id=168, 222.8325pt x 150.5625pt
>
File: /home/soham/Desktop/NEAlatex/images//hd11.png Graphic file (type png)
<use /home/soham/Desktop/NEAlatex/images//hd11.png>
Package pdftex.def Info: /home/soham/Desktop/NEAlatex/images//hd11.png  used on
 input line 693.
(pdftex.def)             Requested size: 77.99254pt x 52.69765pt.
</home/soham/Desktop/NEAlatex/images//hd12.png, id=169, 313.67188pt x 890.32625
pt>
File: /home/soham/Desktop/NEAlatex/images//hd12.png Graphic file (type png)
<use /home/soham/Desktop/NEAlatex/images//hd12.png>
Package pdftex.def Info: /home/soham/Desktop/NEAlatex/images//hd12.png  used on
 input line 698.
(pdftex.def)             Requested size: 109.78679pt x 311.61885pt.


! LaTeX Error: File `h13' not found.

See the LaTeX manual or LaTeX Companion for explanation.
Type  H <return>  for immediate help.
 ...                                              
                                                  
l.703     \includegraphics[scale = 0.35]{h13}
                                             
I could not locate the file with any of these extensions:
.pdf,.png,.jpg,.mps,.jpeg,.jbig2,.jb2,.PDF,.PNG,.JPG,.JPEG,.JBIG2,.JB2,.eps
Try typing  <return>  to proceed.
If that doesn't work, type  X <return>  to quit.

</home/soham/Desktop/NEAlatex/images//hd14.png, id=170, 223.33438pt x 119.44624
pt>
File: /home/soham/Desktop/NEAlatex/images//hd14.png Graphic file (type png)
<use /home/soham/Desktop/NEAlatex/images//hd14.png>
Package pdftex.def Info: /home/soham/Desktop/NEAlatex/images//hd14.png  used on
 input line 708.
(pdftex.def)             Requested size: 55.83345pt x 29.86148pt.
</home/soham/Desktop/NEAlatex/images//hd15.png, id=171, 2006.49625pt x 1146.282
5pt>
File: /home/soham/Desktop/NEAlatex/images//hd15.png Graphic file (type png)
<use /home/soham/Desktop/NEAlatex/images//hd15.png>
Package pdftex.def Info: /home/soham/Desktop/NEAlatex/images//hd15.png  used on
 input line 713.
(pdftex.def)             Requested size: 300.96146pt x 171.93495pt.
</home/soham/Desktop/NEAlatex/images//attention1.png, id=172, 1942.25626pt x 20
06.49625pt>
File: /home/soham/Desktop/NEAlatex/images//attention1.png Graphic file (type pn
g)
<use /home/soham/Desktop/NEAlatex/images//attention1.png>
Package pdftex.def Info: /home/soham/Desktop/NEAlatex/images//attention1.png  u
sed on input line 718.
(pdftex.def)             Requested size: 291.32587pt x 300.96146pt.
</home/soham/Desktop/NEAlatex/images//backprop1.png, id=173, 2006.49625pt x 191
8.16624pt>
File: /home/soham/Desktop/NEAlatex/images//backprop1.png Graphic file (type png
)
<use /home/soham/Desktop/NEAlatex/images//backprop1.png>
Package pdftex.def Info: /home/soham/Desktop/NEAlatex/images//backprop1.png  us
ed on input line 723.
(pdftex.def)             Requested size: 481.56894pt x 460.36931pt.

Overfull \hbox (136.56894pt too wide) in paragraph at lines 723--724
 [][] 
 []

</home/soham/Desktop/NEAlatex/images//tft2.png, id=174, 963.6pt x 1445.4pt>
File: /home/soham/Desktop/NEAlatex/images//tft2.png Graphic file (type png)
<use /home/soham/Desktop/NEAlatex/images//tft2.png>
Package pdftex.def Info: /home/soham/Desktop/NEAlatex/images//tft2.png  used on
 input line 728.
(pdftex.def)             Requested size: 385.43317pt x 578.14977pt.

Overfull \hbox (40.43317pt too wide) in paragraph at lines 728--729
 [][] 
 []


LaTeX Warning: Float too large for page by 52.09421pt on input line 730.

[31

] [32 </home/soham/Desktop/NEAlatex/images//hd6.png>] [33 </home/soham/Desktop/
NEAlatex/images//hd7.png> </home/soham/Desktop/NEAlatex/images//hd8.png> </home
/soham/Desktop/NEAlatex/images//hd9.png>] [34 </home/soham/Desktop/NEAlatex/ima
ges//hd10.png> </home/soham/Desktop/NEAlatex/images//hd11.png>] [35 </home/soha
m/Desktop/NEAlatex/images//hd12.png> </home/soham/Desktop/NEAlatex/images//hd14
.png>] [36 </home/soham/Desktop/NEAlatex/images//hd15.png> </home/soham/Desktop
/NEAlatex/images//attention1.png>] [37 </home/soham/Desktop/NEAlatex/images//ba
ckprop1.png>] [38 </home/soham/Desktop/NEAlatex/images//tft2.png>] [39

]
[40] [41]
LaTeX Font Info:    Trying to load font information for OMS+cmr on input line 9
21.
 (/usr/share/texmf-dist/tex/latex/base/omscmr.fd
File: omscmr.fd 2019/12/16 v2.5j Standard LaTeX font definitions
)
LaTeX Font Info:    Font shape `OMS/cmr/m/n' in size <10> not available
(Font)              Font shape `OMS/cmsy/m/n' tried instead on input line 921.

! Missing number, treated as zero.
<to be read again> 
                   \ALG@currentblock@0 
l.929 \end{algorithmic}
                       
A number should have been here; I inserted `0'.
(If you can't figure out why I needed to see a number,
look up `weird error' in the index to The TeXbook.)

! Missing = inserted for \ifnum.
<to be read again> 
                   \ALG@currentblock@0 
l.929 \end{algorithmic}
                       
I was expecting to see `<', `=', or `>'. Didn't.

! Missing number, treated as zero.
<to be read again> 
                   \ALG@currentblock@0 
l.929 \end{algorithmic}
                       
A number should have been here; I inserted `0'.
(If you can't figure out why I needed to see a number,
look up `weird error' in the index to The TeXbook.)

[42] [43] [44]
! Missing $ inserted.
<inserted text> 
                $
l.1006 ...some matrix which depends on k times PE_
                                                  {pos}\\
I've inserted a begin-math/end-math symbol since I think
you left one out. Proceed, with fingers crossed.

! Missing $ inserted.
<inserted text> 
                $
l.1012 
       
I've inserted a begin-math/end-math symbol since I think
you left one out. Proceed, with fingers crossed.


Underfull \hbox (badness 10000) in paragraph at lines 1003--1012

 []

! Missing \endcsname inserted.
<to be read again> 
                   \ALG@currentblock@0 
l.1016 \For
           {pos in  0 $\leftarrow$ maximum sequence length}
The control sequence marked <to be read again> should
not appear between \csname and \endcsname.

! Extra \endcsname.
\ALG@makebeginrepeat ...\ALG@thisblock \endcsname 
                                                  \relax \def \ALG@thisblock...
l.1016 \For
           {pos in  0 $\leftarrow$ maximum sequence length}
I'm ignoring this, since I wasn't doing a \csname.

! Missing number, treated as zero.
<to be read again> 
                   \ALG@currentblock@0 
l.1022 \end{algorithmic}
                        
A number should have been here; I inserted `0'.
(If you can't figure out why I needed to see a number,
look up `weird error' in the index to The TeXbook.)

! Missing = inserted for \ifnum.
<to be read again> 
                   \ALG@currentblock@0 
l.1022 \end{algorithmic}
                        
I was expecting to see `<', `=', or `>'. Didn't.

! Missing number, treated as zero.
<to be read again> 
                   \ALG@currentblock@0 
l.1022 \end{algorithmic}
                        
A number should have been here; I inserted `0'.
(If you can't figure out why I needed to see a number,
look up `weird error' in the index to The TeXbook.)


! LaTeX Error: There's no line here to end.

See the LaTeX manual or LaTeX Companion for explanation.
Type  H <return>  for immediate help.
 ...                                              
                                                  
l.1026 \\P
          ython code:
Your command was ignored.
Type  I <command> <return>  to replace it with another command,
or  <return>  to continue without it.

[45

] [46]
! Missing \endcsname inserted.
<to be read again> 
                   \ALG@currentblock@0 
l.1079 \Function
                {Backpropagation}{inputs, expected, output}
The control sequence marked <to be read again> should
not appear between \csname and \endcsname.

! Extra \endcsname.
\ALG@makebeginrepeat ...\ALG@thisblock \endcsname 
                                                  \relax \def \ALG@thisblock...
l.1079 \Function
                {Backpropagation}{inputs, expected, output}
I'm ignoring this, since I wasn't doing a \csname.

! Missing number, treated as zero.
<to be read again> 
                   \ALG@b@2@EndFunction@0 
l.1089 \EndFunction
                   
A number should have been here; I inserted `0'.
(If you can't figure out why I needed to see a number,
look up `weird error' in the index to The TeXbook.)


! Package algorithmicx Error: Some blocks are not closed!!!.

See the algorithmicx package documentation for explanation.
Type  H <return>  for immediate help.
 ...                                              
                                                  
l.1090 \end{algorithmic}
                        
This error message was generated by an \errmessage
command, so I can't give any explicit help.
Pretend that you're Hercule Poirot: Examine all clues,
and deduce the truth by order and method.

[47

] [48

] [49

]
! Missing \endcsname inserted.
<to be read again> 
                   \ALG@currentblock@5 
l.1201 \State
             {Initialise weights using Xavier}
The control sequence marked <to be read again> should
not appear between \csname and \endcsname.

! Extra \endcsname.
\ALG@makebeginrepeat ...\ALG@thisblock \endcsname 
                                                  \relax \def \ALG@thisblock...
l.1201 \State
             {Initialise weights using Xavier}
I'm ignoring this, since I wasn't doing a \csname.

! Missing \endcsname inserted.
<to be read again> 
                   \ALG@currentblock@5 
l.1202 \While
             {not Stop-Criterion}
The control sequence marked <to be read again> should
not appear between \csname and \endcsname.

! Extra \endcsname.
\ALG@makebeginrepeat ...\ALG@thisblock \endcsname 
                                                  \relax \def \ALG@thisblock...
l.1202 \While
             {not Stop-Criterion}
I'm ignoring this, since I wasn't doing a \csname.

! Extra }, or forgotten $.
l.1204 ...rac{\partial{Error}}{\partial{w_{i,j}}}}
                                                  
I've deleted a group-closing symbol because it seems to be
spurious, as in `$x}$'. But perhaps the } is legitimate and
you forgot something else, as in `\hbox{$x}'. In such cases
the way to recover is to insert both the forgotten and the
deleted material, e.g., by typing `I$}'.


! LaTeX Error: Command \item invalid in math mode.

See the LaTeX manual or LaTeX Companion for explanation.
Type  H <return>  for immediate help.
 ...                                              
                                                  
l.1205     \EndFor
                  
Try typing  <return>  to proceed.
If that doesn't work, type  X <return>  to quit.


! LaTeX Error: Something's wrong--perhaps a missing \item.

See the LaTeX manual or LaTeX Companion for explanation.
Type  H <return>  for immediate help.
 ...                                              
                                                  
l.1205     \EndFor
                  
Try typing  <return>  to proceed.
If that doesn't work, type  X <return>  to quit.


! LaTeX Error: Something's wrong--perhaps a missing \item.

See the LaTeX manual or LaTeX Companion for explanation.
Type  H <return>  for immediate help.
 ...                                              
                                                  
l.1205     \EndFor
                  
Try typing  <return>  to proceed.
If that doesn't work, type  X <return>  to quit.


! LaTeX Error: Command \item invalid in math mode.

See the LaTeX manual or LaTeX Companion for explanation.
Type  H <return>  for immediate help.
 ...                                              
                                                  
l.1206 \EndWhile
                
Try typing  <return>  to proceed.
If that doesn't work, type  X <return>  to quit.

! Missing $ inserted.
<inserted text> 
                $
l.1206 \EndWhile
                
I've inserted a begin-math/end-math symbol since I think
you left one out. Proceed, with fingers crossed.

! Missing } inserted.
<inserted text> 
                }
l.1206 \EndWhile
                
I've inserted something that you may have forgotten.
(See the <inserted text> above.)
With luck, this will get me unwedged. But if you
really didn't forget anything, try typing `2' now; then
my insertion and my current dilemma will both disappear.

! Missing number, treated as zero.
<to be read again> 
                   \ALG@currentblock@5 
l.1207 \end{algorithmic}
                        
A number should have been here; I inserted `0'.
(If you can't figure out why I needed to see a number,
look up `weird error' in the index to The TeXbook.)

! Missing = inserted for \ifnum.
<to be read again> 
                   \ALG@currentblock@5 
l.1207 \end{algorithmic}
                        
I was expecting to see `<', `=', or `>'. Didn't.

! Missing number, treated as zero.
<to be read again> 
                   \ALG@currentblock@5 
l.1207 \end{algorithmic}
                        
A number should have been here; I inserted `0'.
(If you can't figure out why I needed to see a number,
look up `weird error' in the index to The TeXbook.)

[50

] [51] [52] [53

]

! LaTeX Error: Invalid UTF-8 byte sequence (\lst@EC\lst@EC).

See the LaTeX manual or LaTeX Companion for explanation.
Type  H <return>  for immediate help.
 ...                                              
                                                  
l.1344         #doublesinh = np.exp(x)  
                                           np.exp(-x)
The document does not appear to be in UTF-8 encoding.
Try adding \UseRawInputEncoding as the first line of the file
or specify an encoding such as \usepackage [latin1]{inputenc}
in the document preamble.
Alternatively, save the file in UTF-8 using your editor or another tool


! LaTeX Error: Invalid UTF-8 byte sequence (\lst@EC\lst@EC).

See the LaTeX manual or LaTeX Companion for explanation.
Type  H <return>  for immediate help.
 ...                                              
                                                  
l.1351         # doublesinh = np.exp(x)  
                                            np.exp(-x)
The document does not appear to be in UTF-8 encoding.
Try adding \UseRawInputEncoding as the first line of the file
or specify an encoding such as \usepackage [latin1]{inputenc}
in the document preamble.
Alternatively, save the file in UTF-8 using your editor or another tool

[54] [55] [56] [57

] [58

]

! LaTeX Error: There's no line here to end.

See the LaTeX manual or LaTeX Companion for explanation.
Type  H <return>  for immediate help.
 ...                                              
                                                  
l.1493 \\
         
Your command was ignored.
Type  I <command> <return>  to replace it with another command,
or  <return>  to continue without it.


! LaTeX Error: There's no line here to end.

See the LaTeX manual or LaTeX Companion for explanation.
Type  H <return>  for immediate help.
 ...                                              
                                                  
l.1494 Z
        olkepli, H. and Divino, A., n.d. huseinzol05/Stock-Prediction-Models...

Your command was ignored.
Type  I <command> <return>  to replace it with another command,
or  <return>  to continue without it.


! LaTeX Error: Unicode character  (U+2217)
               not set up for use with LaTeX.

See the LaTeX manual or LaTeX Companion for explanation.
Type  H <return>  for immediate help.
 ...                                              
                                                  
l.1501 ...eit, J., Jones, L., Gomez, A., Kaiser
                                                  , . and Polosukhin, I., ...

You may provide a definition with
\DeclareUnicodeCharacter 

! Missing $ inserted.
<inserted text> 
                $
l.1513 ...://jadiker.github.io/dreu-2018/backprop_
                                                  math.pdf> [Accessed 11 Feb...
I've inserted a begin-math/end-math symbol since I think
you left one out. Proceed, with fingers crossed.

! Misplaced alignment tab character &.
l.1515 ...ep Learning for Time Series Prediction &
                                                   Decision Making Over Time...
I can't figure out why you would want to use a tab mark
here. If you just want an ampersand, the remedy is
simple: Just type `I\&' now. But if some right brace
up above has ended a previous alignment prematurely,
you're probably due for more error messages, and you
might try typing `S' now just to see what is salvageable.

! Missing $ inserted.
<inserted text> 
                $
l.1519 
       
I've inserted a begin-math/end-math symbol since I think
you left one out. Proceed, with fingers crossed.


Underfull \hbox (badness 10000) in paragraph at lines 1494--1519

 []


Overfull \hbox (8.51927pt too wide) in paragraph at lines 1494--1519
\OT1/cmr/m/n/10 Medium. Avail-able at: <https://towardsdatascience.com/intuitiv
e-understanding-
 []


Overfull \hbox (13.72289pt too wide) in paragraph at lines 1494--1519
\OT1/cmr/m/n/10 of-attention-mechanism-in-deep-learning-6c9482aecf4f> [Ac-cesse
d 5 Febru-ary 2021]. 
 []


Underfull \hbox (badness 10000) in paragraph at lines 1494--1519

 []


Overfull \hbox (11.82486pt too wide) in paragraph at lines 1494--1519
\OT1/cmr/m/n/10 line] Sim-plilearn.com. Avail-able at: <https://www.simplilearn
.com/tutorials/deep-
 []


Underfull \hbox (badness 10000) in paragraph at lines 1494--1519

 []


Underfull \hbox (badness 10000) in paragraph at lines 1494--1519

 []


Underfull \hbox (badness 10000) in paragraph at lines 1494--1519

 []


Underfull \hbox (badness 10000) in paragraph at lines 1494--1519

 []


Underfull \hbox (badness 10000) in paragraph at lines 1494--1519

 []


Overfull \hbox (163.11461pt too wide) in paragraph at lines 1494--1519
\OML/cmm/m/it/10 Lim; B:; \OT1/cmr/m/n/10 2020\OML/cmm/m/it/10 :DeepLearningfor
TimeSeriesPredictionDecisionMakingOverTime:DPhil:UniversityofOxford: <
 []


Overfull \hbox (215.75648pt too wide) in paragraph at lines 1494--1519
\OML/cmm/m/it/10 Joshi; P:; \OT1/cmr/m/n/10 2016\OML/cmm/m/it/10 :Understanding
XavierInitializationInDeepNeuralNetworks:\OT1/cmr/m/n/10 [\OML/cmm/m/it/10 onli
ne\OT1/cmr/m/n/10 ]\OML/cmm/m/it/10 PERPETUALENIGMA:Availableat \OT1/cmr/m/n/10
 :\OML/cmm/m/it/10 <
 []


Overfull \hbox (17.2765pt too wide) in paragraph at lines 1494--1519
\OML/cmm/m/it/10 https \OT1/cmr/m/n/10 : \OML/cmm/m/it/10 ==prateekvjoshi:com=\
OT1/cmr/m/n/10 2016\OML/cmm/m/it/10 =\OT1/cmr/m/n/10 03\OML/cmm/m/it/10 =\OT1/c
mr/m/n/10 29\OML/cmm/m/it/10 =understanding \OMS/cmsy/m/n/10 ^^@ \OML/cmm/m/it/
10 xavier \OMS/cmsy/m/n/10 ^^@ \OML/cmm/m/it/10 initialization \OMS/cmsy/m/n/10
 ^^@
 []


Underfull \hbox (badness 10000) in paragraph at lines 1494--1519

 []

[59

]

LaTeX Warning: Empty bibliography on input line 1523.

[60

] (./nea.aux)
Package logreq Info: Writing requests to 'nea.run.xml'.
\openout1 = `nea.run.xml'.

 ) 
Here is how much of TeX's memory you used:
 14469 strings out of 478353
 263347 string characters out of 5854636
 1060770 words of memory out of 5000000
 32392 multiletter control sequences out of 15000+600000
 414844 words of font info for 70 fonts, out of 8000000 for 9000
 1141 hyphenation exceptions out of 8191
 60i,8n,72p,1345b,1779s stack positions out of 5000i,500n,10000p,200000b,80000s
{/usr/share/texmf-dist/fonts/enc/dvips/cm-super/cm-super-ts1.enc}</usr/share/
texmf-dist/fonts/type1/public/amsfonts/cm/cmbx10.pfb></usr/share/texmf-dist/fon
ts/type1/public/amsfonts/cm/cmbx12.pfb></usr/share/texmf-dist/fonts/type1/publi
c/amsfonts/cm/cmcsc10.pfb></usr/share/texmf-dist/fonts/type1/public/amsfonts/cm
/cmex10.pfb></usr/share/texmf-dist/fonts/type1/public/amsfonts/cm/cmmi10.pfb></
usr/share/texmf-dist/fonts/type1/public/amsfonts/cm/cmmi5.pfb></usr/share/texmf
-dist/fonts/type1/public/amsfonts/cm/cmmi7.pfb></usr/share/texmf-dist/fonts/typ
e1/public/amsfonts/cm/cmmib10.pfb></usr/share/texmf-dist/fonts/type1/public/ams
fonts/cm/cmr10.pfb></usr/share/texmf-dist/fonts/type1/public/amsfonts/cm/cmr12.
pfb></usr/share/texmf-dist/fonts/type1/public/amsfonts/cm/cmr17.pfb></usr/share
/texmf-dist/fonts/type1/public/amsfonts/cm/cmr5.pfb></usr/share/texmf-dist/font
s/type1/public/amsfonts/cm/cmr7.pfb></usr/share/texmf-dist/fonts/type1/public/a
msfonts/cm/cmr8.pfb></usr/share/texmf-dist/fonts/type1/public/amsfonts/cm/cmsy1
0.pfb></usr/share/texmf-dist/fonts/type1/public/amsfonts/cm/cmsy5.pfb></usr/sha
re/texmf-dist/fonts/type1/public/amsfonts/cm/cmsy7.pfb></usr/share/texmf-dist/f
onts/type1/public/amsfonts/cm/cmtt9.pfb></usr/share/texmf-dist/fonts/type1/publ
ic/amsfonts/symbols/msbm10.pfb></usr/share/texmf-dist/fonts/type1/public/cm-sup
er/sfrm1000.pfb>
Output written on nea.pdf (60 pages, 3659756 bytes).
PDF statistics:
 372 PDF objects out of 1000 (max. 8388607)
 196 compressed objects within 2 object streams
 0 named destinations out of 1000 (max. 500000)
 196 words of extra memory for PDF output out of 10000 (max. 10000000)

